0 info it worked if it ends with ok
1 verbose cli [ '/Users/animal/.nvm/versions/node/v7.4.0/bin/node',
1 verbose cli   '/Users/animal/.nvm/versions/node/v7.4.0/bin/npm',
1 verbose cli   'run',
1 verbose cli   'test' ]
2 info using npm@4.0.5
3 info using node@v7.4.0
4 verbose run-script [ 'pretest', 'test', 'posttest' ]
5 info lifecycle @trigo/atrix@0.1.2~pretest: @trigo/atrix@0.1.2
6 silly lifecycle @trigo/atrix@0.1.2~pretest: no script for pretest, continuing
7 info lifecycle @trigo/atrix@0.1.2~test: @trigo/atrix@0.1.2
8 verbose lifecycle @trigo/atrix@0.1.2~test: unsafe-perm in lifecycle true
9 verbose lifecycle @trigo/atrix@0.1.2~test: PATH: /Users/animal/.nvm/versions/node/v7.4.0/lib/node_modules/npm/bin/node-gyp-bin:/Users/animal/Devel/trigo/atrix/packages/atrix/node_modules/.bin:/Users/animal/.nvm/versions/node/v7.4.0/bin:/Users/animal/.rbenv/shims:/Users/animal/.npm-packages/bin:/usr/local/opt/coreutils/libexec/gnubin:./node_modules/.bin:/Users/animal/node_modules/.bin:/Users/animal/.npm/.global/bin:/Users/animal/.cargo/bin:/usr/local/m-cli:/usr/local/bin:/usr/bin:/bin:/usr/sbin:/sbin:/opt/X11/bin:/usr/local/MacGPG2/bin:/usr/local/share/npm/bin:/usr/local/opt/go/libexec/bin:/Users/animal/Devel/go-home/bin
10 verbose lifecycle @trigo/atrix@0.1.2~test: CWD: /Users/animal/Devel/trigo/atrix/packages/atrix
11 silly lifecycle @trigo/atrix@0.1.2~test: Args: [ '-c',
11 silly lifecycle   'NODE_ENV=test mocha --harmony-async-await $(find . -name \'*.specs.js\' -not -path \'./node_modules/*\')' ]
12 silly lifecycle @trigo/atrix@0.1.2~test: Returned: code: 1  signal: null
13 info lifecycle @trigo/atrix@0.1.2~test: Failed to exec test script
14 verbose stack Error: @trigo/atrix@0.1.2 test: `NODE_ENV=test mocha --harmony-async-await $(find . -name '*.specs.js' -not -path './node_modules/*')`
14 verbose stack Exit status 1
14 verbose stack     at EventEmitter.<anonymous> (/Users/animal/.nvm/versions/node/v7.4.0/lib/node_modules/npm/lib/utils/lifecycle.js:279:16)
14 verbose stack     at emitTwo (events.js:106:13)
14 verbose stack     at EventEmitter.emit (events.js:191:7)
14 verbose stack     at ChildProcess.<anonymous> (/Users/animal/.nvm/versions/node/v7.4.0/lib/node_modules/npm/lib/utils/spawn.js:40:14)
14 verbose stack     at emitTwo (events.js:106:13)
14 verbose stack     at ChildProcess.emit (events.js:191:7)
14 verbose stack     at maybeClose (internal/child_process.js:885:16)
14 verbose stack     at Process.ChildProcess._handle.onexit (internal/child_process.js:226:5)
15 verbose pkgid @trigo/atrix@0.1.2
16 verbose cwd /Users/animal/Devel/trigo/atrix/packages/atrix
17 error Darwin 16.3.0
18 error argv "/Users/animal/.nvm/versions/node/v7.4.0/bin/node" "/Users/animal/.nvm/versions/node/v7.4.0/bin/npm" "run" "test"
19 error node v7.4.0
20 error npm  v4.0.5
21 error code ELIFECYCLE
22 error @trigo/atrix@0.1.2 test: `NODE_ENV=test mocha --harmony-async-await $(find . -name '*.specs.js' -not -path './node_modules/*')`
22 error Exit status 1
23 error Failed at the @trigo/atrix@0.1.2 test script 'NODE_ENV=test mocha --harmony-async-await $(find . -name '*.specs.js' -not -path './node_modules/*')'.
23 error Make sure you have the latest version of node.js and npm installed.
23 error If you do, this is most likely a problem with the @trigo/atrix package,
23 error not with npm itself.
23 error Tell the author that this fails on your system:
23 error     NODE_ENV=test mocha --harmony-async-await $(find . -name '*.specs.js' -not -path './node_modules/*')
23 error You can get information on how to open an issue for this project with:
23 error     npm bugs @trigo/atrix
23 error Or if that isn't available, you can get their info via:
23 error     npm owner ls @trigo/atrix
23 error There is likely additional logging output above.
24 verbose exit [ 1, true ]
